<?xml version='1.0' encoding='UTF-8'?>
<testsuite hostname="thinkpad" name="wwaldron.eggs.domain.FryingPanTest" tests="4" errors="0" failures="0" skipped="0" time="0.259">
                     <properties>
[...]
</properties>
                     <testcase classname="wwaldron.eggs.domain.FryingPanTest" name="add should add an egg to the pan if it is empty" time="0.026">
                                                 
                                               </testcase><testcase classname="wwaldron.eggs.domain.FryingPanTest" name="checkDoneness should return false if the egg is not ready" time="0.085">
                                                 
                                               </testcase><testcase classname="wwaldron.eggs.domain.FryingPanTest" name="checkDoneness should return true if the egg is ready" time="0.075">
                                                 
                                               </testcase><testcase classname="wwaldron.eggs.domain.FryingPanTest" name="remove should return a cooked egg if there is one in the pan" time="0.073">
                                                 
                                               </testcase>
                     <system-out><![CDATA[]]></system-out>
                     <system-err><![CDATA[]]></system-err>
                   </testsuite>